2013/11/01 15:32:06 [error] [exception.CHttpException.404] exception 'CHttpException' with message 'Unable to resolve the request "my/one".' in Z:\home\univmvc\www\framework\web\CWebApplication.php:286
Stack trace:
#0 Z:\home\univmvc\www\framework\web\CWebApplication.php(141): CWebApplication->runController('my/one')
#1 Z:\home\univmvc\www\framework\base\CApplication.php(180): CWebApplication->processRequest()
#2 Z:\home\univmvc\www\index.php(13): CApplication->run()
#3 {main}
REQUEST_URI=/index.php?r=my/one
---
2013/11/01 15:32:34 [error] [exception.CHttpException.404] exception 'CHttpException' with message 'Unable to resolve the request "my/one".' in Z:\home\univmvc\www\framework\web\CWebApplication.php:286
Stack trace:
#0 Z:\home\univmvc\www\framework\web\CWebApplication.php(141): CWebApplication->runController('my/one')
#1 Z:\home\univmvc\www\framework\base\CApplication.php(180): CWebApplication->processRequest()
#2 Z:\home\univmvc\www\index.php(13): CApplication->run()
#3 {main}
REQUEST_URI=/index.php?r=my/one
---
2013/11/01 15:32:36 [error] [exception.CHttpException.404] exception 'CHttpException' with message 'Unable to resolve the request "my/one".' in Z:\home\univmvc\www\framework\web\CWebApplication.php:286
Stack trace:
#0 Z:\home\univmvc\www\framework\web\CWebApplication.php(141): CWebApplication->runController('my/one')
#1 Z:\home\univmvc\www\framework\base\CApplication.php(180): CWebApplication->processRequest()
#2 Z:\home\univmvc\www\index.php(13): CApplication->run()
#3 {main}
REQUEST_URI=/index.php?r=my/one
---
2013/11/01 15:32:40 [error] [exception.CHttpException.404] exception 'CHttpException' with message 'Unable to resolve the request "my/one".' in Z:\home\univmvc\www\framework\web\CWebApplication.php:286
Stack trace:
#0 Z:\home\univmvc\www\framework\web\CWebApplication.php(141): CWebApplication->runController('my/one')
#1 Z:\home\univmvc\www\framework\base\CApplication.php(180): CWebApplication->processRequest()
#2 Z:\home\univmvc\www\index.php(13): CApplication->run()
#3 {main}
REQUEST_URI=/index.php?r=my/one
---
2013/11/01 15:33:21 [error] [exception.CHttpException.404] exception 'CHttpException' with message 'Unable to resolve the request "my/one".' in Z:\home\univmvc\www\framework\web\CWebApplication.php:286
Stack trace:
#0 Z:\home\univmvc\www\framework\web\CWebApplication.php(141): CWebApplication->runController('my/one')
#1 Z:\home\univmvc\www\framework\base\CApplication.php(180): CWebApplication->processRequest()
#2 Z:\home\univmvc\www\index.php(13): CApplication->run()
#3 {main}
REQUEST_URI=/index.php?r=my/one
---
2013/11/01 15:33:44 [error] [exception.CHttpException.404] exception 'CHttpException' with message 'Unable to resolve the request "my/one".' in Z:\home\univmvc\www\framework\web\CWebApplication.php:286
Stack trace:
#0 Z:\home\univmvc\www\framework\web\CWebApplication.php(141): CWebApplication->runController('my/one')
#1 Z:\home\univmvc\www\framework\base\CApplication.php(180): CWebApplication->processRequest()
#2 Z:\home\univmvc\www\index.php(13): CApplication->run()
#3 {main}
REQUEST_URI=/index.php?r=my/one
---
2013/11/01 15:33:46 [error] [exception.CHttpException.404] exception 'CHttpException' with message 'Unable to resolve the request "my/one".' in Z:\home\univmvc\www\framework\web\CWebApplication.php:286
Stack trace:
#0 Z:\home\univmvc\www\framework\web\CWebApplication.php(141): CWebApplication->runController('my/one')
#1 Z:\home\univmvc\www\framework\base\CApplication.php(180): CWebApplication->processRequest()
#2 Z:\home\univmvc\www\index.php(13): CApplication->run()
#3 {main}
REQUEST_URI=/index.php?r=my/one
---
2013/11/01 15:33:46 [error] [exception.CHttpException.404] exception 'CHttpException' with message 'Unable to resolve the request "my/one".' in Z:\home\univmvc\www\framework\web\CWebApplication.php:286
Stack trace:
#0 Z:\home\univmvc\www\framework\web\CWebApplication.php(141): CWebApplication->runController('my/one')
#1 Z:\home\univmvc\www\framework\base\CApplication.php(180): CWebApplication->processRequest()
#2 Z:\home\univmvc\www\index.php(13): CApplication->run()
#3 {main}
REQUEST_URI=/index.php?r=my/one
---
2013/11/01 15:33:46 [error] [exception.CHttpException.404] exception 'CHttpException' with message 'Unable to resolve the request "my/one".' in Z:\home\univmvc\www\framework\web\CWebApplication.php:286
Stack trace:
#0 Z:\home\univmvc\www\framework\web\CWebApplication.php(141): CWebApplication->runController('my/one')
#1 Z:\home\univmvc\www\framework\base\CApplication.php(180): CWebApplication->processRequest()
#2 Z:\home\univmvc\www\index.php(13): CApplication->run()
#3 {main}
REQUEST_URI=/index.php?r=my/one
---
2013/11/01 15:33:47 [error] [exception.CHttpException.404] exception 'CHttpException' with message 'Unable to resolve the request "my/one".' in Z:\home\univmvc\www\framework\web\CWebApplication.php:286
Stack trace:
#0 Z:\home\univmvc\www\framework\web\CWebApplication.php(141): CWebApplication->runController('my/one')
#1 Z:\home\univmvc\www\framework\base\CApplication.php(180): CWebApplication->processRequest()
#2 Z:\home\univmvc\www\index.php(13): CApplication->run()
#3 {main}
REQUEST_URI=/index.php?r=my/one
---
2013/11/01 15:33:47 [error] [exception.CHttpException.404] exception 'CHttpException' with message 'Unable to resolve the request "my/one".' in Z:\home\univmvc\www\framework\web\CWebApplication.php:286
Stack trace:
#0 Z:\home\univmvc\www\framework\web\CWebApplication.php(141): CWebApplication->runController('my/one')
#1 Z:\home\univmvc\www\framework\base\CApplication.php(180): CWebApplication->processRequest()
#2 Z:\home\univmvc\www\index.php(13): CApplication->run()
#3 {main}
REQUEST_URI=/index.php?r=my/one
---
2013/11/01 15:35:23 [error] [exception.CException] exception 'CException' with message 'MyController cannot find the requested view "index".' in Z:\home\univmvc\www\framework\web\CController.php:878
Stack trace:
#0 Z:\home\univmvc\www\framework\web\CController.php(782): CController->renderPartial('index', NULL, true)
#1 Z:\home\univmvc\www\protected\controllers\MyController.php(6): CController->render('index')
#2 Z:\home\univmvc\www\framework\web\actions\CInlineAction.php(49): MyController->actionOne()
#3 Z:\home\univmvc\www\framework\web\CController.php(308): CInlineAction->runWithParams(Array)
#4 Z:\home\univmvc\www\framework\web\CController.php(286): CController->runAction(Object(CInlineAction))
#5 Z:\home\univmvc\www\framework\web\CController.php(265): CController->runActionWithFilters(Object(CInlineAction), Array)
#6 Z:\home\univmvc\www\framework\web\CWebApplication.php(282): CController->run('one')
#7 Z:\home\univmvc\www\framework\web\CWebApplication.php(141): CWebApplication->runController('my/one')
#8 Z:\home\univmvc\www\framework\base\CApplication.php(180): CWebApplication->processRequest()
#9 Z:\home\univmvc\www\index.php(13): CApplication->run()
#10 {main}
REQUEST_URI=/index.php?r=my/one
---
2013/11/01 15:35:50 [error] [exception.CException] exception 'CException' with message 'MyController cannot find the requested view "index".' in Z:\home\univmvc\www\framework\web\CController.php:878
Stack trace:
#0 Z:\home\univmvc\www\framework\web\CController.php(782): CController->renderPartial('index', NULL, true)
#1 Z:\home\univmvc\www\protected\controllers\MyController.php(6): CController->render('index')
#2 Z:\home\univmvc\www\framework\web\actions\CInlineAction.php(49): MyController->actionOne()
#3 Z:\home\univmvc\www\framework\web\CController.php(308): CInlineAction->runWithParams(Array)
#4 Z:\home\univmvc\www\framework\web\CController.php(286): CController->runAction(Object(CInlineAction))
#5 Z:\home\univmvc\www\framework\web\CController.php(265): CController->runActionWithFilters(Object(CInlineAction), Array)
#6 Z:\home\univmvc\www\framework\web\CWebApplication.php(282): CController->run('one')
#7 Z:\home\univmvc\www\framework\web\CWebApplication.php(141): CWebApplication->runController('my/one')
#8 Z:\home\univmvc\www\framework\base\CApplication.php(180): CWebApplication->processRequest()
#9 Z:\home\univmvc\www\index.php(13): CApplication->run()
#10 {main}
REQUEST_URI=/index.php?r=my/one
---
2013/11/01 15:38:40 [error] [exception.CHttpException.404] exception 'CHttpException' with message 'Unable to resolve the request "gii".' in Z:\home\univmvc\www\framework\web\CWebApplication.php:286
Stack trace:
#0 Z:\home\univmvc\www\framework\web\CWebApplication.php(141): CWebApplication->runController('gii')
#1 Z:\home\univmvc\www\framework\base\CApplication.php(180): CWebApplication->processRequest()
#2 Z:\home\univmvc\www\index.php(13): CApplication->run()
#3 {main}
REQUEST_URI=/index.php?r=gii
---
2013/11/01 15:42:55 [error] [exception.CHttpException.404] exception 'CHttpException' with message 'The system is unable to find the requested action "index".' in Z:\home\univmvc\www\framework\web\CController.php:483
Stack trace:
#0 Z:\home\univmvc\www\framework\web\CController.php(270): CController->missingAction('')
#1 Z:\home\univmvc\www\framework\web\CWebApplication.php(282): CController->run('')
#2 Z:\home\univmvc\www\framework\web\CWebApplication.php(141): CWebApplication->runController('my')
#3 Z:\home\univmvc\www\framework\base\CApplication.php(180): CWebApplication->processRequest()
#4 Z:\home\univmvc\www\index.php(13): CApplication->run()
#5 {main}
REQUEST_URI=/index.php?r=my
---
2013/11/01 15:43:40 [error] [exception.CHttpException.404] exception 'CHttpException' with message 'The system is unable to find the requested action "index".' in Z:\home\univmvc\www\framework\web\CController.php:483
Stack trace:
#0 Z:\home\univmvc\www\framework\web\CController.php(270): CController->missingAction('')
#1 Z:\home\univmvc\www\framework\web\CWebApplication.php(282): CController->run('')
#2 Z:\home\univmvc\www\framework\web\CWebApplication.php(141): CWebApplication->runController('my')
#3 Z:\home\univmvc\www\framework\base\CApplication.php(180): CWebApplication->processRequest()
#4 Z:\home\univmvc\www\index.php(13): CApplication->run()
#5 {main}
REQUEST_URI=/index.php?r=my
---
2013/11/01 15:44:06 [error] [exception.CHttpException.404] exception 'CHttpException' with message 'The system is unable to find the requested action "user".' in Z:\home\univmvc\www\framework\web\CController.php:483
Stack trace:
#0 Z:\home\univmvc\www\framework\web\CController.php(270): CController->missingAction('user')
#1 Z:\home\univmvc\www\framework\web\CWebApplication.php(282): CController->run('user')
#2 Z:\home\univmvc\www\framework\web\CWebApplication.php(141): CWebApplication->runController('site/user')
#3 Z:\home\univmvc\www\framework\base\CApplication.php(180): CWebApplication->processRequest()
#4 Z:\home\univmvc\www\index.php(13): CApplication->run()
#5 {main}
REQUEST_URI=/index.php?r=site/user
---
2013/11/01 15:44:40 [error] [exception.CHttpException.404] exception 'CHttpException' with message 'The system is unable to find the requested action "user".' in Z:\home\univmvc\www\framework\web\CController.php:483
Stack trace:
#0 Z:\home\univmvc\www\framework\web\CController.php(270): CController->missingAction('user')
#1 Z:\home\univmvc\www\framework\web\CWebApplication.php(282): CController->run('user')
#2 Z:\home\univmvc\www\framework\web\CWebApplication.php(141): CWebApplication->runController('user/user')
#3 Z:\home\univmvc\www\framework\base\CApplication.php(180): CWebApplication->processRequest()
#4 Z:\home\univmvc\www\index.php(13): CApplication->run()
#5 {main}
REQUEST_URI=/index.php?r=user/user
---
2013/11/01 16:03:42 [error] [exception.CException] exception 'CException' with message 'UserController and its behaviors do not have a method or closure named "header".' in Z:\home\univmvc\www\framework\base\CComponent.php:266
Stack trace:
#0 Z:\home\univmvc\www\protected\controllers\UserController.php(13): CComponent->__call('header', Array)
#1 Z:\home\univmvc\www\protected\controllers\UserController.php(13): UserController->header()
#2 Z:\home\univmvc\www\framework\web\actions\CInlineAction.php(49): UserController->actionMy()
#3 Z:\home\univmvc\www\framework\web\CController.php(308): CInlineAction->runWithParams(Array)
#4 Z:\home\univmvc\www\framework\web\CController.php(286): CController->runAction(Object(CInlineAction))
#5 Z:\home\univmvc\www\framework\web\CController.php(265): CController->runActionWithFilters(Object(CInlineAction), Array)
#6 Z:\home\univmvc\www\framework\web\CWebApplication.php(282): CController->run('my')
#7 Z:\home\univmvc\www\framework\web\CWebApplication.php(141): CWebApplication->runController('user/my')
#8 Z:\home\univmvc\www\framework\base\CApplication.php(180): CWebApplication->processRequest()
#9 Z:\home\univmvc\www\index.php(13): CApplication->run()
#10 {main}
REQUEST_URI=/index.php?r=user/my
---
2013/11/01 16:13:25 [error] [system.db.CDbCommand] CDbCommand::fetchAll() failed: SQLSTATE[42S02]: Base table or view not found: 1146 Table 'univtest.univtest' doesn't exist. The SQL statement executed was: SHOW FULL COLUMNS FROM `univtest`.
in Z:\home\univmvc\www\index.php (13)
2013/11/01 16:34:13 [error] [exception.CHttpException.404] exception 'CHttpException' with message 'The system is unable to find the requested action "my".' in Z:\home\univmvc\www\framework\web\CController.php:483
Stack trace:
#0 Z:\home\univmvc\www\framework\web\CController.php(270): CController->missingAction('my')
#1 Z:\home\univmvc\www\framework\web\CWebApplication.php(282): CController->run('my')
#2 Z:\home\univmvc\www\framework\web\CWebApplication.php(141): CWebApplication->runController('user/my')
#3 Z:\home\univmvc\www\framework\base\CApplication.php(180): CWebApplication->processRequest()
#4 Z:\home\univmvc\www\index.php(13): CApplication->run()
#5 {main}
REQUEST_URI=/index.php?r=user/my
---
2013/11/01 16:54:19 [error] [exception.CException] exception 'CException' with message 'Property "AdminUsers.namefist" is not defined.' in Z:\home\univmvc\www\framework\base\CComponent.php:130
Stack trace:
#0 Z:\home\univmvc\www\framework\db\ar\CActiveRecord.php(145): CComponent->__get('namefist')
#1 Z:\home\univmvc\www\protected\controllers\UserController.php(16): CActiveRecord->__get('namefist')
#2 Z:\home\univmvc\www\protected\controllers\UserController.php(8): UserController->Add()
#3 Z:\home\univmvc\www\framework\web\actions\CInlineAction.php(49): UserController->actionIndex()
#4 Z:\home\univmvc\www\framework\web\CController.php(308): CInlineAction->runWithParams(Array)
#5 Z:\home\univmvc\www\framework\web\CController.php(286): CController->runAction(Object(CInlineAction))
#6 Z:\home\univmvc\www\framework\web\CController.php(265): CController->runActionWithFilters(Object(CInlineAction), Array)
#7 Z:\home\univmvc\www\framework\web\CWebApplication.php(282): CController->run('')
#8 Z:\home\univmvc\www\framework\web\CWebApplication.php(141): CWebApplication->runController('user')
#9 Z:\home\univmvc\www\framework\base\CApplication.php(180): CWebApplication->processRequest()
#10 Z:\home\univmvc\www\index.php(13): CApplication->run()
#11 {main}
REQUEST_URI=/index.php?r=user
---
2013/11/01 16:55:02 [error] [exception.CException] exception 'CException' with message 'Property "AdminUsers.namefist" is not defined.' in Z:\home\univmvc\www\framework\base\CComponent.php:130
Stack trace:
#0 Z:\home\univmvc\www\framework\db\ar\CActiveRecord.php(145): CComponent->__get('namefist')
#1 Z:\home\univmvc\www\protected\controllers\UserController.php(16): CActiveRecord->__get('namefist')
#2 Z:\home\univmvc\www\protected\controllers\UserController.php(8): UserController->Add()
#3 Z:\home\univmvc\www\framework\web\actions\CInlineAction.php(49): UserController->actionIndex()
#4 Z:\home\univmvc\www\framework\web\CController.php(308): CInlineAction->runWithParams(Array)
#5 Z:\home\univmvc\www\framework\web\CController.php(286): CController->runAction(Object(CInlineAction))
#6 Z:\home\univmvc\www\framework\web\CController.php(265): CController->runActionWithFilters(Object(CInlineAction), Array)
#7 Z:\home\univmvc\www\framework\web\CWebApplication.php(282): CController->run('')
#8 Z:\home\univmvc\www\framework\web\CWebApplication.php(141): CWebApplication->runController('user')
#9 Z:\home\univmvc\www\framework\base\CApplication.php(180): CWebApplication->processRequest()
#10 Z:\home\univmvc\www\index.php(13): CApplication->run()
#11 {main}
REQUEST_URI=/index.php?r=user
---
2013/11/01 16:55:49 [error] [exception.CException] exception 'CException' with message 'Property "AdminUsers.namefist" is not defined.' in Z:\home\univmvc\www\framework\base\CComponent.php:130
Stack trace:
#0 Z:\home\univmvc\www\framework\db\ar\CActiveRecord.php(145): CComponent->__get('namefist')
#1 Z:\home\univmvc\www\protected\controllers\UserController.php(16): CActiveRecord->__get('namefist')
#2 Z:\home\univmvc\www\protected\controllers\UserController.php(8): UserController->Add()
#3 Z:\home\univmvc\www\framework\web\actions\CInlineAction.php(49): UserController->actionIndex()
#4 Z:\home\univmvc\www\framework\web\CController.php(308): CInlineAction->runWithParams(Array)
#5 Z:\home\univmvc\www\framework\web\CController.php(286): CController->runAction(Object(CInlineAction))
#6 Z:\home\univmvc\www\framework\web\CController.php(265): CController->runActionWithFilters(Object(CInlineAction), Array)
#7 Z:\home\univmvc\www\framework\web\CWebApplication.php(282): CController->run('')
#8 Z:\home\univmvc\www\framework\web\CWebApplication.php(141): CWebApplication->runController('user')
#9 Z:\home\univmvc\www\framework\base\CApplication.php(180): CWebApplication->processRequest()
#10 Z:\home\univmvc\www\index.php(13): CApplication->run()
#11 {main}
REQUEST_URI=/index.php?r=user
---
2013/11/01 16:57:25 [error] [exception.CException] exception 'CException' with message 'Property "AdminUsers.namefist" is not defined.' in Z:\home\univmvc\www\framework\base\CComponent.php:130
Stack trace:
#0 Z:\home\univmvc\www\framework\db\ar\CActiveRecord.php(145): CComponent->__get('namefist')
#1 Z:\home\univmvc\www\protected\controllers\UserController.php(8): CActiveRecord->__get('namefist')
#2 Z:\home\univmvc\www\framework\web\actions\CInlineAction.php(49): UserController->actionIndex()
#3 Z:\home\univmvc\www\framework\web\CController.php(308): CInlineAction->runWithParams(Array)
#4 Z:\home\univmvc\www\framework\web\CController.php(286): CController->runAction(Object(CInlineAction))
#5 Z:\home\univmvc\www\framework\web\CController.php(265): CController->runActionWithFilters(Object(CInlineAction), Array)
#6 Z:\home\univmvc\www\framework\web\CWebApplication.php(282): CController->run('')
#7 Z:\home\univmvc\www\framework\web\CWebApplication.php(141): CWebApplication->runController('user')
#8 Z:\home\univmvc\www\framework\base\CApplication.php(180): CWebApplication->processRequest()
#9 Z:\home\univmvc\www\index.php(13): CApplication->run()
#10 {main}
REQUEST_URI=/index.php?r=user
---
2013/11/01 17:00:08 [error] [exception.CException] exception 'CException' with message 'Property "AdminUsers.namefist" is not defined.' in Z:\home\univmvc\www\framework\base\CComponent.php:130
Stack trace:
#0 Z:\home\univmvc\www\framework\db\ar\CActiveRecord.php(145): CComponent->__get('namefist')
#1 Z:\home\univmvc\www\protected\controllers\UserController.php(9): CActiveRecord->__get('namefist')
#2 Z:\home\univmvc\www\framework\web\actions\CInlineAction.php(49): UserController->actionIndex()
#3 Z:\home\univmvc\www\framework\web\CController.php(308): CInlineAction->runWithParams(Array)
#4 Z:\home\univmvc\www\framework\web\CController.php(286): CController->runAction(Object(CInlineAction))
#5 Z:\home\univmvc\www\framework\web\CController.php(265): CController->runActionWithFilters(Object(CInlineAction), Array)
#6 Z:\home\univmvc\www\framework\web\CWebApplication.php(282): CController->run('')
#7 Z:\home\univmvc\www\framework\web\CWebApplication.php(141): CWebApplication->runController('user')
#8 Z:\home\univmvc\www\framework\base\CApplication.php(180): CWebApplication->processRequest()
#9 Z:\home\univmvc\www\index.php(13): CApplication->run()
#10 {main}
REQUEST_URI=/index.php?r=user
---
2013/11/01 17:00:40 [error] [exception.CException] exception 'CException' with message 'Property "AdminUsers.namefist" is not defined.' in Z:\home\univmvc\www\framework\base\CComponent.php:130
Stack trace:
#0 Z:\home\univmvc\www\framework\db\ar\CActiveRecord.php(145): CComponent->__get('namefist')
#1 Z:\home\univmvc\www\protected\controllers\UserController.php(12): CActiveRecord->__get('namefist')
#2 Z:\home\univmvc\www\framework\web\actions\CInlineAction.php(49): UserController->actionIndex()
#3 Z:\home\univmvc\www\framework\web\CController.php(308): CInlineAction->runWithParams(Array)
#4 Z:\home\univmvc\www\framework\web\CController.php(286): CController->runAction(Object(CInlineAction))
#5 Z:\home\univmvc\www\framework\web\CController.php(265): CController->runActionWithFilters(Object(CInlineAction), Array)
#6 Z:\home\univmvc\www\framework\web\CWebApplication.php(282): CController->run('')
#7 Z:\home\univmvc\www\framework\web\CWebApplication.php(141): CWebApplication->runController('user')
#8 Z:\home\univmvc\www\framework\base\CApplication.php(180): CWebApplication->processRequest()
#9 Z:\home\univmvc\www\index.php(13): CApplication->run()
#10 {main}
REQUEST_URI=/index.php?r=user
---
2013/11/01 17:20:18 [error] [exception.CException] exception 'CException' with message 'Property "CDbCriteria.0" is not defined.' in Z:\home\univmvc\www\framework\base\CComponent.php:173
Stack trace:
#0 Z:\home\univmvc\www\framework\db\schema\CDbCriteria.php(160): CComponent->__set('0', 3)
#1 Z:\home\univmvc\www\framework\db\schema\CDbCommandBuilder.php(585): CDbCriteria->__construct(Array)
#2 Z:\home\univmvc\www\framework\db\ar\CActiveRecord.php(1469): CDbCommandBuilder->createCriteria(Array, Array)
#3 Z:\home\univmvc\www\protected\controllers\UserController.php(8): CActiveRecord->findAll(Array)
#4 Z:\home\univmvc\www\framework\web\actions\CInlineAction.php(49): UserController->actionIndex()
#5 Z:\home\univmvc\www\framework\web\CController.php(308): CInlineAction->runWithParams(Array)
#6 Z:\home\univmvc\www\framework\web\CController.php(286): CController->runAction(Object(CInlineAction))
#7 Z:\home\univmvc\www\framework\web\CController.php(265): CController->runActionWithFilters(Object(CInlineAction), Array)
#8 Z:\home\univmvc\www\framework\web\CWebApplication.php(282): CController->run('')
#9 Z:\home\univmvc\www\framework\web\CWebApplication.php(141): CWebApplication->runController('user')
#10 Z:\home\univmvc\www\framework\base\CApplication.php(180): CWebApplication->processRequest()
#11 Z:\home\univmvc\www\index.php(13): CApplication->run()
#12 {main}
REQUEST_URI=/index.php?r=user
---
2013/11/02 14:55:11 [error] [exception.CException] exception 'CException' with message 'RegisterController cannot find the requested view "register".' in Z:\home\univmvc\www\framework\web\CController.php:878
Stack trace:
#0 Z:\home\univmvc\www\framework\web\CController.php(782): CController->renderPartial('register', NULL, true)
#1 Z:\home\univmvc\www\protected\controllers\RegisterController.php(7): CController->render('register')
#2 Z:\home\univmvc\www\framework\web\actions\CInlineAction.php(49): RegisterController->actionIndex()
#3 Z:\home\univmvc\www\framework\web\CController.php(308): CInlineAction->runWithParams(Array)
#4 Z:\home\univmvc\www\framework\web\CController.php(286): CController->runAction(Object(CInlineAction))
#5 Z:\home\univmvc\www\framework\web\CController.php(265): CController->runActionWithFilters(Object(CInlineAction), Array)
#6 Z:\home\univmvc\www\framework\web\CWebApplication.php(282): CController->run('')
#7 Z:\home\univmvc\www\framework\web\CWebApplication.php(141): CWebApplication->runController('register')
#8 Z:\home\univmvc\www\framework\base\CApplication.php(180): CWebApplication->processRequest()
#9 Z:\home\univmvc\www\index.php(13): CApplication->run()
#10 {main}
REQUEST_URI=/index.php?r=register
---
2013/11/02 14:55:21 [error] [exception.CException] exception 'CException' with message 'RegisterController cannot find the requested view "register".' in Z:\home\univmvc\www\framework\web\CController.php:878
Stack trace:
#0 Z:\home\univmvc\www\framework\web\CController.php(782): CController->renderPartial('register', NULL, true)
#1 Z:\home\univmvc\www\protected\controllers\RegisterController.php(7): CController->render('register')
#2 Z:\home\univmvc\www\framework\web\actions\CInlineAction.php(49): RegisterController->actionIndex()
#3 Z:\home\univmvc\www\framework\web\CController.php(308): CInlineAction->runWithParams(Array)
#4 Z:\home\univmvc\www\framework\web\CController.php(286): CController->runAction(Object(CInlineAction))
#5 Z:\home\univmvc\www\framework\web\CController.php(265): CController->runActionWithFilters(Object(CInlineAction), Array)
#6 Z:\home\univmvc\www\framework\web\CWebApplication.php(282): CController->run('index')
#7 Z:\home\univmvc\www\framework\web\CWebApplication.php(141): CWebApplication->runController('register/index')
#8 Z:\home\univmvc\www\framework\base\CApplication.php(180): CWebApplication->processRequest()
#9 Z:\home\univmvc\www\index.php(13): CApplication->run()
#10 {main}
REQUEST_URI=/index.php?r=register/index
---
2013/11/02 14:58:49 [error] [exception.CHttpException.404] exception 'CHttpException' with message 'The system is unable to find the requested action "register".' in Z:\home\univmvc\www\framework\web\CController.php:483
Stack trace:
#0 Z:\home\univmvc\www\framework\web\CController.php(270): CController->missingAction('register')
#1 Z:\home\univmvc\www\framework\web\CWebApplication.php(282): CController->run('register')
#2 Z:\home\univmvc\www\framework\web\CWebApplication.php(141): CWebApplication->runController('site/register')
#3 Z:\home\univmvc\www\framework\base\CApplication.php(180): CWebApplication->processRequest()
#4 Z:\home\univmvc\www\index.php(13): CApplication->run()
#5 {main}
REQUEST_URI=/index.php?r=site/register
---
2013/11/02 15:07:41 [error] [exception.CHttpException.404] exception 'CHttpException' with message 'The system is unable to find the requested action "login]".' in Z:\home\univmvc\www\framework\web\CController.php:483
Stack trace:
#0 Z:\home\univmvc\www\framework\web\CController.php(270): CController->missingAction('login]')
#1 Z:\home\univmvc\www\framework\web\CWebApplication.php(282): CController->run('login]')
#2 Z:\home\univmvc\www\framework\web\CWebApplication.php(141): CWebApplication->runController('site/login]')
#3 Z:\home\univmvc\www\framework\base\CApplication.php(180): CWebApplication->processRequest()
#4 Z:\home\univmvc\www\index.php(13): CApplication->run()
#5 {main}
REQUEST_URI=/index.php?r=site/login]
---
2013/11/03 01:27:57 [error] [exception.CHttpException.404] exception 'CHttpException' with message 'Unable to resolve the request "login".' in Z:\home\univmvc\www\framework\web\CWebApplication.php:286
Stack trace:
#0 Z:\home\univmvc\www\framework\web\CWebApplication.php(141): CWebApplication->runController('login')
#1 Z:\home\univmvc\www\framework\base\CApplication.php(180): CWebApplication->processRequest()
#2 Z:\home\univmvc\www\index.php(13): CApplication->run()
#3 {main}
REQUEST_URI=/index.php?r=login
---
